<?xml version="1.0" encoding="UTF-8"?>
<!-- Generated by org.testng.reporters.JUnitXMLReporter -->
<testsuite ignored="0" hostname="Keerthis-MacBook-Pro.local" failures="0" tests="3" name="Default test" time="2.082" errors="0" timestamp="2024-05-31T05:28:32 IST">
  <testcase classname="com.orangehrm.apitests.RestAssuredApiTest" name="VerifyGetApi" time="1.294"/>
  <testcase classname="com.orangehrm.apitests.RestAssuredApiTest" name="VerifyPostApi" time="0.379"/>
  <testcase classname="com.orangehrm.apitests.RestAssuredApiTest" name="VerifyPutApi" time="0.391"/>
</testsuite> <!-- Default test -->
