<?xml version="1.0" encoding="UTF-8"?>
<!-- Generated by org.testng.reporters.JUnitXMLReporter -->
<testsuite ignored="4" hostname="Keerthis-MacBook-Pro.local" failures="0" tests="1" name="Default test" time="128.701" errors="0" timestamp="2024-06-02T22:38:28 IST">
  <testcase classname="com.orangehrm.tests.LoginPageTest" name="AddEmployeesDataProvider" time="115.328"/>
  <testcase classname="com.orangehrm.tests.LoginPageTest" name="AddEmployeesExcel" time="0.0">
    <ignored/>
  </testcase> <!-- AddEmployeesExcel -->
  <testcase classname="com.orangehrm.tests.LoginPageTest" name="AddEmployeesSql" time="0.0">
    <ignored/>
  </testcase> <!-- AddEmployeesSql -->
  <testcase classname="com.orangehrm.tests.LoginPageTest" name="AddEmployee" time="0.0">
    <ignored/>
  </testcase> <!-- AddEmployee -->
  <testcase classname="com.orangehrm.tests.LoginPageTest" name="ValidateLogin" time="0.0">
    <ignored/>
  </testcase> <!-- ValidateLogin -->
</testsuite> <!-- Default test -->
