<?xml version="1.0" encoding="UTF-8"?>
<testng-results ignored="0" total="1" passed="1" failed="0" skipped="0">
  <reporter-output>
  </reporter-output>
  <suite started-at="2024-05-29T18:25:43 IST" name="Default suite" finished-at="2024-05-29T18:26:18 IST" duration-ms="35570">
    <groups>
    </groups>
    <test started-at="2024-05-29T18:25:43 IST" name="Default test" finished-at="2024-05-29T18:26:18 IST" duration-ms="35570">
      <class name="com.orangehrm.tests.LoginPageTest">
        <test-method is-config="true" signature="setUpSuite()[pri:0, instance:com.orangehrm.tests.LoginPageTest@1b1473ab]" started-at="2024-05-29T18:25:43 IST" name="setUpSuite" finished-at="2024-05-29T18:25:43 IST" duration-ms="110" status="PASS">
          <reporter-output>
          </reporter-output>
        </test-method> <!-- setUpSuite -->
        <test-method is-config="true" signature="setUp(java.lang.reflect.Method)[pri:0, instance:com.orangehrm.tests.LoginPageTest@1b1473ab]" started-at="2024-05-29T18:25:43 IST" name="setUp" finished-at="2024-05-29T18:25:44 IST" duration-ms="1467" status="PASS">
          <params>
            <param index="0">
              <value>
                <![CDATA[public void com.orangehrm.tests.LoginPageTest.ValidateLogin() throws java.lang.InterruptedException,java.io.IOException]]>
              </value>
            </param>
          </params>
          <reporter-output>
          </reporter-output>
        </test-method> <!-- setUp -->
        <test-method is-config="true" signature="setUp()[pri:0, instance:com.orangehrm.tests.LoginPageTest@1b1473ab]" started-at="2024-05-29T18:25:44 IST" name="setUp" finished-at="2024-05-29T18:25:48 IST" duration-ms="3275" status="PASS">
          <reporter-output>
          </reporter-output>
        </test-method> <!-- setUp -->
        <test-method signature="ValidateLogin()[pri:1, instance:com.orangehrm.tests.LoginPageTest@1b1473ab]" started-at="2024-05-29T18:25:48 IST" name="ValidateLogin" description="Verifying loginpage test" finished-at="2024-05-29T18:26:18 IST" duration-ms="30707" status="PASS">
          <reporter-output>
          </reporter-output>
        </test-method> <!-- ValidateLogin -->
        <test-method is-config="true" signature="teardown()[pri:0, instance:com.orangehrm.tests.LoginPageTest@1b1473ab]" started-at="2024-05-29T18:26:18 IST" name="teardown" finished-at="2024-05-29T18:26:18 IST" duration-ms="106" status="PASS">
          <reporter-output>
          </reporter-output>
        </test-method> <!-- teardown -->
        <test-method is-config="true" signature="tearDown(org.testng.ITestResult)[pri:0, instance:com.orangehrm.tests.LoginPageTest@1b1473ab]" started-at="2024-05-29T18:26:18 IST" name="tearDown" finished-at="2024-05-29T18:26:18 IST" duration-ms="2" status="PASS">
          <params>
            <param index="0">
              <value>
                <![CDATA[[TestResult name=ValidateLogin status=SUCCESS method=LoginPageTest.ValidateLogin()[pri:1, instance:com.orangehrm.tests.LoginPageTest@1b1473ab] output={null}]]]>
              </value>
            </param>
          </params>
          <reporter-output>
          </reporter-output>
        </test-method> <!-- tearDown -->
        <test-method is-config="true" signature="tearDownSuite()[pri:0, instance:com.orangehrm.tests.LoginPageTest@1b1473ab]" started-at="2024-05-29T18:26:19 IST" name="tearDownSuite" finished-at="2024-05-29T18:26:19 IST" duration-ms="140" status="PASS">
          <reporter-output>
          </reporter-output>
        </test-method> <!-- tearDownSuite -->
      </class> <!-- com.orangehrm.tests.LoginPageTest -->
    </test> <!-- Default test -->
  </suite> <!-- Default suite -->
</testng-results>
